<?xml version="1.0" encoding="UTF-8"?>
<!-- Generated by org.testng.reporters.JUnitReportReporter -->
<testsuite hostname="tvisha" failures="0" tests="1" name="TestScripts.LoginpageTest" time="0.000" errors="0" timestamp="2024-06-05T13:26:08 IST" skipped="1">
  <testcase classname="TestScripts.LoginpageTest" name="LoginMutlipledata" time="0.000">
    <skipped/>
  </testcase> <!-- LoginMutlipledata -->
  <system-out/>
</testsuite> <!-- TestScripts.LoginpageTest -->
