<?xml version="1.0" encoding="UTF-8"?>
<!-- Generated by org.testng.reporters.JUnitReportReporter -->
<testsuite hostname="tvisha" failures="0" tests="1" name="TestScripts.Edipropertytest" time="17.174" errors="0" timestamp="2024-05-24T15:28:15 IST" skipped="0">
  <testcase classname="TestScripts.Edipropertytest" name="clickonSRKEdiption" time="17.174"/>
  <system-out/>
</testsuite> <!-- TestScripts.Edipropertytest -->
